› Auto signing app using team(s): 68AB52BP2D
› Planning build
    Run script build phase '[CP-User] [Hermes] Replace Hermes for the right configuration, if needed' will be run during every build because it does not specify any outputs. To address this issue, either add output dependencies to the script phase, or configure it to run in every build by unchecking "Based on dependency analysis" in the script phase. (in target 'hermes-engine' from project 'Pods')
› Executing react-native Pods/hermes-engine » [CP-User] [Hermes] Replace Hermes for the right configuration, if needed
› Preparing Pods/nanopb-nanopb_Privacy » ResourceBundle-nanopb_Privacy-nanopb-Info.plist
› Preparing Pods/gRPC-Core-grpc » ResourceBundle-grpc-gRPC-Core-Info.plist
› Executing react-native Pods/ReactNativeDependencies » [CP-User] [RNDeps] Replace React Native Dependencies for the right configuration, if needed
› Preparing Pods/leveldb-library-leveldb_Privacy » ResourceBundle-leveldb_Privacy-leveldb-library-Info.plist
› Preparing Pods/gRPC-C++-grpcpp » ResourceBundle-grpcpp-gRPC-C++-Info.plist
› Preparing Pods/expo-dev-menu-EXDevMenu » ResourceBundle-EXDevMenu-expo-dev-menu-Info.plist
› Preparing Pods/gRPC-C++-gRPCCertificates-Cpp » ResourceBundle-gRPCCertificates-Cpp-gRPC-C++-Info.plist
› Preparing Pods/abseil-xcprivacy » ResourceBundle-xcprivacy-abseil-Info.plist
› Preparing react-native-purchases Pods/RevenueCat-RevenueCat » ResourceBundle-RevenueCat-RevenueCat-Info.plist
› Preparing Pods/React-cxxreact-React-cxxreact_privacy » ResourceBundle-React-cxxreact_privacy-React-cxxreact-Info.plist
› Preparing Pods/React-Core-React-Core_privacy » ResourceBundle-React-Core_privacy-React-Core-Info.plist
› Preparing Pods/RNSVG-RNSVGFilters » ResourceBundle-RNSVGFilters-RNSVG-Info.plist
› Preparing Pods/RNCAsyncStorage-RNCAsyncStorage_resources » ResourceBundle-RNCAsyncStorage_resources-RNCAsyncStorage-Info.plist
› Preparing react-native-purchases Pods/PurchasesHybridCommon-PurchasesHybridCommon » ResourceBundle-PurchasesHybridCommon-PurchasesHybridCommon-Info.plist
› Preparing Pods/PromisesObjC-FBLPromises_Privacy » ResourceBundle-FBLPromises_Privacy-PromisesObjC-Info.plist
› Preparing Pods/GoogleUtilities-GoogleUtilities_Privacy » ResourceBundle-GoogleUtilities_Privacy-GoogleUtilities-Info.plist
› Preparing @react-native-google-signin/google-signin Pods/GoogleSignIn-GoogleSignIn » ResourceBundle-GoogleSignIn-GoogleSignIn-Info.plist
› Preparing Pods/GTMSessionFetcher-GTMSessionFetcher_Core_Privacy » ResourceBundle-GTMSessionFetcher_Core_Privacy-GTMSessionFetcher-Info.plist
› Preparing Pods/GTMAppAuth-GTMAppAuth_Privacy » ResourceBundle-GTMAppAuth_Privacy-GTMAppAuth-Info.plist
› Preparing Pods/FirebaseFirestoreInternal-FirebaseFirestoreInternal_Privacy » ResourceBundle-FirebaseFirestoreInternal_Privacy-FirebaseFirestoreInternal-Info.plist
› Preparing Pods/FirebaseFirestore-FirebaseFirestore_Privacy » ResourceBundle-FirebaseFirestore_Privacy-FirebaseFirestore-Info.plist
› Preparing Pods/FirebaseCoreInternal-FirebaseCoreInternal_Privacy » ResourceBundle-FirebaseCoreInternal_Privacy-FirebaseCoreInternal-Info.plist
› Preparing Pods/FirebaseCoreExtension-FirebaseCoreExtension_Privacy » ResourceBundle-FirebaseCoreExtension_Privacy-FirebaseCoreExtension-Info.plist
› Preparing Pods/FirebaseCore-FirebaseCore_Privacy » ResourceBundle-FirebaseCore_Privacy-FirebaseCore-Info.plist
› Preparing Pods/FirebaseAuth-FirebaseAuth_Privacy » ResourceBundle-FirebaseAuth_Privacy-FirebaseAuth-Info.plist
› Preparing Pods/ExpoFileSystem-ExpoFileSystem_privacy » ResourceBundle-ExpoFileSystem_privacy-ExpoFileSystem-Info.plist
› Preparing Pods/ExpoDevice-ExpoDevice_privacy » ResourceBundle-ExpoDevice_privacy-ExpoDevice-Info.plist
› Preparing Pods/EXNotifications-ExpoNotifications_privacy » ResourceBundle-ExpoNotifications_privacy-EXNotifications-Info.plist
› Preparing Pods/EXConstants-ExpoConstants_privacy » ResourceBundle-ExpoConstants_privacy-EXConstants-Info.plist
› Preparing expo-constants Pods/EXConstants-EXConstants » ResourceBundle-EXConstants-EXConstants-Info.plist
› Preparing Pods/EXApplication-ExpoApplication_privacy » ResourceBundle-ExpoApplication_privacy-EXApplication-Info.plist
› Preparing Pods/BoringSSL-GRPC-openssl_grpc » ResourceBundle-openssl_grpc-BoringSSL-GRPC-Info.plist
› Preparing Pods/AppAuth-AppAuthCore_Privacy » ResourceBundle-AppAuthCore_Privacy-AppAuth-Info.plist

❌  error: module map file '/Users/admin/Downloads/Dayylo/ios/Pods/Headers/Private/grpc/gRPC-Core.modulemap' not found (in target 'gRPC-C++' from project 'Pods')



❌  error: module map file '/Users/admin/Downloads/Dayylo/ios/Pods/Headers/Private/grpc/gRPC-Core.modulemap' not found (in target 'gRPC-C++' from project 'Pods')



❌  error: module map file '/Users/admin/Downloads/Dayylo/ios/Pods/Headers/Private/grpc/gRPC-Core.modulemap' not found (in target 'gRPC-C++' from project 'Pods')



❌  error: module map file '/Users/admin/Downloads/Dayylo/ios/Pods/Headers/Private/grpc/gRPC-Core.modulemap' not found (in target 'gRPC-C++' from project 'Pods')



❌  error: module map file '/Users/admin/Downloads/Dayylo/ios/Pods/Headers/Private/grpc/gRPC-Core.modulemap' not found (in target 'gRPC-C++' from project 'Pods')



❌  error: module map file '/Users/admin/Downloads/Dayylo/ios/Pods/Headers/Private/grpc/gRPC-Core.modulemap' not found (in target 'gRPC-C++' from project 'Pods')



❌  error: module map file '/Users/admin/Downloads/Dayylo/ios/Pods/Headers/Private/grpc/gRPC-Core.modulemap' not found (in target 'gRPC-C++' from project 'Pods')



❌  error: module map file '/Users/admin/Downloads/Dayylo/ios/Pods/Headers/Private/grpc/gRPC-Core.modulemap' not found (in target 'gRPC-C++' from project 'Pods')



❌  error: module map file '/Users/admin/Downloads/Dayylo/ios/Pods/Headers/Private/grpc/gRPC-Core.modulemap' not found (in target 'gRPC-C++' from project 'Pods')



❌  error: module map file '/Users/admin/Downloads/Dayylo/ios/Pods/Headers/Private/grpc/gRPC-Core.modulemap' not found (in target 'gRPC-C++' from project 'Pods')



❌  error: module map file '/Users/admin/Downloads/Dayylo/ios/Pods/Headers/Private/grpc/gRPC-Core.modulemap' not found (in target 'gRPC-C++' from project 'Pods')



❌  error: module map file '/Users/admin/Downloads/Dayylo/ios/Pods/Headers/Private/grpc/gRPC-Core.modulemap' not found (in target 'gRPC-C++' from project 'Pods')



❌  error: module map file '/Users/admin/Downloads/Dayylo/ios/Pods/Headers/Private/grpc/gRPC-Core.modulemap' not found (in target 'gRPC-C++' from project 'Pods')



❌  error: module map file '/Users/admin/Downloads/Dayylo/ios/Pods/Headers/Private/grpc/gRPC-Core.modulemap' not found (in target 'gRPC-C++' from project 'Pods')



❌  error: module map file '/Users/admin/Downloads/Dayylo/ios/Pods/Headers/Private/grpc/gRPC-Core.modulemap' not found (in target 'gRPC-C++' from project 'Pods')



❌  error: module map file '/Users/admin/Downloads/Dayylo/ios/Pods/Headers/Private/grpc/gRPC-Core.modulemap' not found (in target 'gRPC-C++' from project 'Pods')



❌  error: module map file '/Users/admin/Downloads/Dayylo/ios/Pods/Headers/Private/grpc/gRPC-Core.modulemap' not found (in target 'gRPC-C++' from project 'Pods')



❌  error: module map file '/Users/admin/Downloads/Dayylo/ios/Pods/Headers/Private/grpc/gRPC-Core.modulemap' not found (in target 'gRPC-C++' from project 'Pods')



❌  error: module map file '/Users/admin/Downloads/Dayylo/ios/Pods/Headers/Private/grpc/gRPC-Core.modulemap' not found (in target 'gRPC-C++' from project 'Pods')



❌  error: module map file '/Users/admin/Downloads/Dayylo/ios/Pods/Headers/Private/grpc/gRPC-Core.modulemap' not found (in target 'gRPC-C++' from project 'Pods')



❌  error: module map file '/Users/admin/Downloads/Dayylo/ios/Pods/Headers/Private/grpc/gRPC-Core.modulemap' not found (in target 'gRPC-C++' from project 'Pods')



❌  error: module map file '/Users/admin/Downloads/Dayylo/ios/Pods/Headers/Private/grpc/gRPC-Core.modulemap' not found (in target 'gRPC-C++' from project 'Pods')



❌  error: module map file '/Users/admin/Downloads/Dayylo/ios/Pods/Headers/Private/grpc/gRPC-Core.modulemap' not found (in target 'gRPC-C++' from project 'Pods')



❌  error: module map file '/Users/admin/Downloads/Dayylo/ios/Pods/Headers/Private/grpc/gRPC-Core.modulemap' not found (in target 'gRPC-C++' from project 'Pods')



❌  error: module map file '/Users/admin/Downloads/Dayylo/ios/Pods/Headers/Private/grpc/gRPC-Core.modulemap' not found (in target 'gRPC-C++' from project 'Pods')



❌  error: module map file '/Users/admin/Downloads/Dayylo/ios/Pods/Headers/Private/grpc/gRPC-Core.modulemap' not found (in target 'gRPC-C++' from project 'Pods')



❌  error: module map file '/Users/admin/Downloads/Dayylo/ios/Pods/Headers/Private/grpc/gRPC-Core.modulemap' not found (in target 'gRPC-C++' from project 'Pods')



❌  error: module map file '/Users/admin/Downloads/Dayylo/ios/Pods/Headers/Private/grpc/gRPC-Core.modulemap' not found (in target 'gRPC-C++' from project 'Pods')



❌  error: module map file '/Users/admin/Downloads/Dayylo/ios/Pods/Headers/Private/grpc/gRPC-Core.modulemap' not found (in target 'gRPC-C++' from project 'Pods')



❌  error: module map file '/Users/admin/Downloads/Dayylo/ios/Pods/Headers/Private/grpc/gRPC-Core.modulemap' not found (in target 'gRPC-C++' from project 'Pods')



❌  error: module map file '/Users/admin/Downloads/Dayylo/ios/Pods/Headers/Private/grpc/gRPC-Core.modulemap' not found (in target 'gRPC-C++' from project 'Pods')



❌  error: module map file '/Users/admin/Downloads/Dayylo/ios/Pods/Headers/Private/grpc/gRPC-Core.modulemap' not found (in target 'gRPC-C++' from project 'Pods')



❌  error: module map file '/Users/admin/Downloads/Dayylo/ios/Pods/Headers/Private/grpc/gRPC-Core.modulemap' not found (in target 'gRPC-C++' from project 'Pods')



❌  error: module map file '/Users/admin/Downloads/Dayylo/ios/Pods/Headers/Private/grpc/gRPC-Core.modulemap' not found (in target 'gRPC-C++' from project 'Pods')



❌  error: module map file '/Users/admin/Downloads/Dayylo/ios/Pods/Headers/Private/grpc/gRPC-Core.modulemap' not found (in target 'gRPC-C++' from project 'Pods')



❌  error: module map file '/Users/admin/Downloads/Dayylo/ios/Pods/Headers/Private/grpc/gRPC-Core.modulemap' not found (in target 'gRPC-C++' from project 'Pods')



❌  error: module map file '/Users/admin/Downloads/Dayylo/ios/Pods/Headers/Private/grpc/gRPC-Core.modulemap' not found (in target 'gRPC-C++' from project 'Pods')



❌  error: module map file '/Users/admin/Downloads/Dayylo/ios/Pods/Headers/Private/grpc/gRPC-Core.modulemap' not found (in target 'gRPC-C++' from project 'Pods')


› Compiling @react-native-firebase/firestore Pods/gRPC-C++ » time_cc.cc
› Compiling @react-native-firebase/firestore Pods/gRPC-C++ » thread_manager.cc
    Run script build phase '[CP-User] [RNFB] Core Configuration' will be run during every build because it does not specify any outputs. To address this issue, either add output dependencies to the script phase, or configure it to run in every build by unchecking "Based on dependency analysis" in the script phase. (in target 'Dayylo' from project 'Dayylo')

› 38 error(s), and 2 warning(s)

CommandError: Failed to build iOS project. "xcodebuild" exited with error code 65.
